<?xml version="1.0" encoding="UTF-8"?>
<testng-results skipped="0" failed="0" ignored="2" total="3" passed="1">
  <reporter-output>
  </reporter-output>
  <suite name="Default suite" duration-ms="72638" started-at="2022-05-10T09:03:28Z" finished-at="2022-05-10T09:04:40Z">
    <groups>
    </groups>
    <test name="Default test" duration-ms="72638" started-at="2022-05-10T09:03:28Z" finished-at="2022-05-10T09:04:40Z">
      <class name="org.test.pro.get_portal_user_detail.TC02_to_07_verify_user_details">
        <test-method status="PASS" signature="add_system_user1()[pri:0, instance:org.test.pro.get_portal_user_detail.TC02_to_07_verify_user_details@56ef9176]" name="add_system_user1" duration-ms="71905" started-at="2022-05-10T14:33:28Z" finished-at="2022-05-10T14:34:40Z">
          <reporter-output>
          </reporter-output>
        </test-method> <!-- add_system_user1 -->
        <test-method status="PASS" signature="closebrowser()[pri:0, instance:org.test.pro.get_portal_user_detail.TC02_to_07_verify_user_details@56ef9176]" name="closebrowser" is-config="true" duration-ms="703" started-at="2022-05-10T14:34:40Z" finished-at="2022-05-10T14:34:40Z">
          <reporter-output>
          </reporter-output>
        </test-method> <!-- closebrowser -->
      </class> <!-- org.test.pro.get_portal_user_detail.TC02_to_07_verify_user_details -->
    </test> <!-- Default test -->
  </suite> <!-- Default suite -->
</testng-results>
