<?xml version="1.0" encoding="UTF-8"?>
<!-- Generated by org.testng.reporters.JUnitXMLReporter -->
<testsuite hostname="DESKTOP-RLEMNO7" ignored="2" name="Default test" tests="1" failures="0" timestamp="10 May 2022 09:04:40 GMT" time="72.638" errors="0">
  <testcase name="add_system_user1" time="71.905" classname="org.test.pro.get_portal_user_detail.TC02_to_07_verify_user_details"/>
  <testcase name="add_system_user2" time="0.0" classname="org.test.pro.get_portal_user_detail.TC02_to_07_verify_user_details">
    <ignored/>
  </testcase> <!-- add_system_user2 -->
  <testcase name="add_system_user" time="0.0" classname="org.test.pro.get_portal_user_detail.TC02_to_07_verify_user_details">
    <ignored/>
  </testcase> <!-- add_system_user -->
</testsuite> <!-- Default test -->
